5.6393e+00
5.2281e+00
5.1482e+00
5.1036e+00
5.1399e+00
5.2483e+00
5.2494e+00
5.1938e+00
4.9245e+00
4.9245e+00
4.9443e+00
5.0109e+00
4.8768e+00
4.8908e+00
4.7766e+00
4.7232e+00
4.6884e+00
4.7647e+00
4.8125e+00
4.7459e+00
4.6793e+00
4.6923e+00
4.7004e+00
4.6642e+00
4.7494e+00
4.7020e+00
4.6703e+00
4.7701e+00
4.7736e+00
4.6987e+00
4.6842e+00
4.7237e+00
4.7002e+00
4.7487e+00
4.6807e+00
4.8332e+00
4.8546e+00
4.8705e+00
4.8395e+00
4.7936e+00
4.6919e+00
4.6674e+00
4.6995e+00
4.6862e+00
4.6481e+00
4.7107e+00
4.8041e+00
4.6358e+00
4.8070e+00
4.6364e+00
4.6440e+00
4.5987e+00
4.7558e+00
4.7514e+00
4.7416e+00
4.7563e+00
4.7264e+00
4.7613e+00
4.7135e+00
4.7035e+00
4.6386e+00
4.7326e+00
4.5886e+00
4.7526e+00
4.7005e+00
4.7545e+00
4.7317e+00
4.6731e+00
4.6585e+00
4.7344e+00
4.6899e+00
4.7464e+00
4.7121e+00
4.6236e+00
4.7591e+00
4.6622e+00
4.6455e+00
4.5999e+00
4.6325e+00
4.6281e+00
4.5311e+00
4.5554e+00
4.5593e+00
4.5805e+00
4.6085e+00
4.6026e+00
4.6010e+00
4.5599e+00
4.5941e+00
4.4542e+00
4.5069e+00
4.5334e+00
4.5351e+00
4.5477e+00
4.5506e+00
4.4194e+00
4.3968e+00
4.4225e+00
4.5279e+00
4.4612e+00
4.4983e+00
4.5775e+00
4.4733e+00
4.5586e+00
4.5827e+00
4.5007e+00
4.5851e+00
4.5721e+00
4.4668e+00
4.4847e+00
4.4790e+00
4.5037e+00
4.4358e+00
4.3461e+00
4.4126e+00
4.4147e+00
4.4594e+00
4.3865e+00
4.3845e+00
4.4744e+00
4.3952e+00
4.3275e+00
4.2473e+00
4.3150e+00
4.3681e+00
4.3361e+00
4.4287e+00
4.4067e+00
4.3978e+00
4.4126e+00
4.3147e+00
4.4152e+00
4.2843e+00
4.3953e+00
4.1746e+00
4.3092e+00
4.3905e+00
4.1962e+00
4.3102e+00
4.2537e+00
4.2952e+00
4.2535e+00
4.2978e+00
4.2089e+00
4.1848e+00
4.2257e+00
4.1913e+00
4.1305e+00
4.2193e+00
4.1286e+00
4.1518e+00
4.1012e+00
4.1264e+00
4.0236e+00
4.1319e+00
4.1178e+00
4.1803e+00
4.1636e+00
4.1331e+00
4.1906e+00
4.2433e+00
4.0039e+00
4.0546e+00
4.1308e+00
3.9763e+00
3.9006e+00
4.0126e+00
4.0069e+00
4.0063e+00
4.0738e+00
3.9433e+00
4.0213e+00
3.9150e+00
3.8543e+00
3.9062e+00
3.9143e+00
3.8932e+00
3.8276e+00
3.9735e+00
3.9269e+00
3.9226e+00
3.8972e+00
3.8089e+00
3.8362e+00
3.9205e+00
3.8853e+00
3.7876e+00
3.8201e+00
3.7995e+00
3.7675e+00
3.8474e+00
3.6982e+00
3.7895e+00
3.7151e+00
3.7705e+00
3.8310e+00
3.6944e+00
3.7171e+00
3.7515e+00
3.7526e+00
3.7953e+00
3.7254e+00
3.7439e+00
3.6368e+00
3.7993e+00
3.7116e+00
3.7277e+00
3.6930e+00
3.8039e+00
3.6745e+00
3.6840e+00
3.7513e+00
3.6832e+00
3.5963e+00
3.8018e+00
3.7585e+00
3.6733e+00
3.7856e+00
3.7613e+00
3.6640e+00
3.5693e+00
3.6181e+00
3.6891e+00
3.6275e+00
3.6140e+00
3.6221e+00
3.6942e+00
3.6936e+00
3.6903e+00
3.5716e+00
3.6031e+00
3.5788e+00
3.5055e+00
3.5604e+00
3.4916e+00
3.5030e+00
3.4927e+00
3.5292e+00
3.5035e+00
3.5015e+00
3.5421e+00
3.5679e+00
3.5136e+00
3.5737e+00
3.4685e+00
3.4279e+00
3.5251e+00
3.4309e+00
3.4569e+00
3.3654e+00
3.4738e+00
3.5105e+00
4.9761e+00
3.6715e+00
3.3838e+00
3.5148e+00
3.8434e+00
3.7803e+00
3.7046e+00
3.6908e+00
3.5656e+00
3.5366e+00
3.5477e+00
3.4570e+00
3.5726e+00
3.5505e+00
3.2766e+00
3.4244e+00
3.3595e+00
3.5805e+00
3.3713e+00
3.4047e+00
3.3100e+00
3.4111e+00
3.2988e+00
3.2399e+00
3.3560e+00
3.2502e+00
3.1878e+00
3.3072e+00
3.1728e+00
3.2526e+00
3.3037e+00
3.2165e+00
3.1751e+00
3.1990e+00
3.2138e+00
3.1349e+00
3.0386e+00
3.0849e+00
3.1685e+00
3.1201e+00
3.1147e+00
3.1405e+00
3.0909e+00
3.0831e+00
3.2332e+00
3.2090e+00
3.2186e+00
3.2016e+00
3.2766e+00
3.2549e+00
3.1452e+00
3.1076e+00
3.1547e+00
3.2244e+00
3.1533e+00
3.0720e+00
3.1051e+00
3.1376e+00
3.2162e+00
3.0784e+00
3.0771e+00
3.1204e+00
3.2106e+00
3.0581e+00
3.0785e+00
2.9573e+00
3.1453e+00
3.0836e+00
3.1077e+00
3.1819e+00
3.1997e+00
3.1263e+00
3.0473e+00
3.2870e+00
3.0653e+00
3.1708e+00
3.2009e+00
3.1493e+00
3.1805e+00
3.0109e+00
3.2791e+00
3.4228e+00
3.3019e+00
3.0904e+00
3.1309e+00
3.0542e+00
3.1681e+00
3.1003e+00
3.1117e+00
3.1118e+00
3.1077e+00
3.0882e+00
3.0950e+00
3.0416e+00
3.1454e+00
3.0896e+00
3.0631e+00
3.1750e+00
3.1940e+00
3.0684e+00
3.1670e+00
3.0707e+00
3.0841e+00
3.1416e+00
3.0980e+00
3.1557e+00
3.0676e+00
3.2090e+00
3.0902e+00
3.1142e+00
3.1287e+00
3.1016e+00
3.1911e+00
3.1292e+00
3.0892e+00
3.1114e+00
3.0656e+00
3.1208e+00
3.0739e+00
3.2163e+00
2.9575e+00
3.0928e+00
2.9961e+00
3.1938e+00
3.1180e+00
3.1319e+00
3.0615e+00
3.0826e+00
3.1105e+00
3.1585e+00
3.1033e+00
3.0133e+00
3.0353e+00
3.1569e+00
3.0676e+00
3.1142e+00
3.0849e+00
3.1353e+00
3.1837e+00
3.1220e+00
3.2356e+00
3.0156e+00
3.1538e+00
3.1872e+00
3.1388e+00
3.1063e+00
3.0949e+00
3.1634e+00
3.1798e+00
3.0903e+00
3.1034e+00
3.2054e+00
3.1613e+00
2.9695e+00
3.0532e+00
3.0600e+00
3.1557e+00
3.0941e+00
3.1305e+00
3.1421e+00
3.2261e+00
3.1833e+00
3.0548e+00
3.1795e+00
3.1436e+00
3.1489e+00
3.0629e+00
3.2023e+00
3.1734e+00
3.2138e+00
3.1889e+00
3.2659e+00
3.1656e+00
3.1560e+00
3.1318e+00
3.1426e+00
3.2905e+00
3.0143e+00
3.1202e+00
3.1199e+00
3.2529e+00
3.1769e+00
3.2092e+00
3.1642e+00
3.1282e+00
3.1329e+00
3.1167e+00
3.2068e+00
3.2110e+00
3.0881e+00
3.1653e+00
3.0322e+00
2.9996e+00
3.1315e+00
3.2383e+00
3.1428e+00
3.0836e+00
3.0950e+00
3.1969e+00
3.1757e+00
3.1911e+00
3.0876e+00
3.1724e+00
3.1924e+00
3.0821e+00
3.2019e+00
3.1859e+00
3.1775e+00
3.1171e+00
3.1719e+00
3.0871e+00
3.0785e+00
3.1209e+00
3.2114e+00
3.2516e+00
3.1752e+00
3.1116e+00
3.2404e+00
3.2735e+00
3.2413e+00
3.2074e+00
3.1520e+00
3.1871e+00
3.1702e+00
3.3177e+00
3.1755e+00
3.3385e+00
3.2071e+00
3.2636e+00
3.0585e+00
3.1387e+00
3.1927e+00
3.1954e+00
3.2572e+00
3.3270e+00
3.2733e+00
3.3735e+00
3.1988e+00
3.2071e+00
3.2983e+00
3.3128e+00
3.1802e+00
3.1807e+00
3.1721e+00
3.2938e+00
3.1178e+00
3.2217e+00
3.1900e+00
3.1848e+00
3.2182e+00
3.1166e+00
3.2929e+00
3.3405e+00
3.2608e+00
3.2603e+00
3.2826e+00
3.2695e+00
3.2660e+00
3.3195e+00
3.1783e+00
3.2914e+00
3.1841e+00
3.2174e+00
3.2948e+00
3.1534e+00
3.2112e+00
3.2999e+00
3.2258e+00
3.2053e+00
3.3765e+00
3.2339e+00
3.3352e+00
3.1825e+00
3.2824e+00
3.1618e+00
3.2839e+00
3.2145e+00
3.4137e+00
3.2760e+00
3.2458e+00
3.2448e+00
3.4448e+00
3.3773e+00
3.2267e+00
3.3277e+00
3.2957e+00
3.3446e+00
3.2007e+00
3.3510e+00
3.3253e+00
3.2466e+00
3.3205e+00
3.3550e+00
3.3709e+00
3.3667e+00
3.3435e+00
3.3109e+00
3.3934e+00
3.3265e+00
3.3544e+00
3.2771e+00
3.2198e+00
3.3291e+00
3.2778e+00
3.3541e+00
3.3275e+00
3.3590e+00
3.3507e+00
3.2576e+00
3.3666e+00
3.4355e+00
3.3609e+00
3.3393e+00
3.2709e+00
3.3855e+00
3.4051e+00
3.3413e+00
3.3338e+00
3.3916e+00
3.3814e+00
3.4722e+00
3.2921e+00
3.3690e+00
3.3183e+00
3.3862e+00
3.3203e+00
3.3447e+00
3.3446e+00
3.3363e+00
3.4118e+00
3.2960e+00
3.2541e+00
3.3059e+00
3.2887e+00
3.4433e+00
3.3259e+00
3.3741e+00
3.2899e+00
3.3354e+00
3.3732e+00
3.4707e+00
3.4224e+00
3.5202e+00
3.3626e+00
3.3971e+00
3.2969e+00
3.3604e+00
3.4076e+00
3.4737e+00
3.2525e+00
3.3121e+00
3.1834e+00
3.3735e+00
3.3379e+00
3.3033e+00
3.3021e+00
3.2886e+00
3.3467e+00
3.3080e+00
3.2899e+00
3.3172e+00
3.1551e+00
3.2797e+00
3.1904e+00
3.4156e+00
3.2242e+00
3.1635e+00
3.3236e+00
3.2969e+00
3.3193e+00
3.2674e+00
3.2348e+00
3.2093e+00
3.2167e+00
3.2034e+00
3.1626e+00
3.1994e+00
3.2355e+00
3.2678e+00
3.1509e+00
3.2719e+00
3.2102e+00
3.2627e+00
3.2485e+00
3.0817e+00
3.1741e+00
3.1771e+00
3.0909e+00
3.1717e+00
3.2216e+00
3.0800e+00
3.1767e+00
3.2210e+00
3.1977e+00
3.0802e+00
3.0938e+00
3.0581e+00
3.1200e+00
3.2530e+00
3.2774e+00
3.1821e+00
3.2134e+00
3.1859e+00
3.2114e+00
3.1453e+00
3.1956e+00
3.2214e+00
3.0860e+00
3.2275e+00
3.2114e+00
3.1198e+00
3.0771e+00
3.2322e+00
3.1180e+00
3.1982e+00
3.3232e+00
3.1485e+00
3.1044e+00
3.0966e+00
3.2157e+00
3.1835e+00
3.1316e+00
3.1383e+00
3.1369e+00
3.2040e+00
3.0694e+00
3.1414e+00
3.1317e+00
3.0722e+00
3.0259e+00
3.3279e+00
3.1952e+00
3.1879e+00
3.0360e+00
3.2011e+00
3.0698e+00
2.9258e+00
3.1403e+00
3.1161e+00
3.0349e+00
3.1952e+00
3.1058e+00
2.9879e+00
3.0404e+00
3.1653e+00
3.1719e+00
3.1784e+00
3.0541e+00
3.1447e+00
3.1909e+00
3.0450e+00
3.1479e+00
3.1135e+00
3.0647e+00
3.0667e+00
2.9817e+00
2.9528e+00
3.0362e+00
3.0944e+00
3.0478e+00
3.0259e+00
3.0058e+00
2.9835e+00
3.1446e+00
3.1111e+00
2.9534e+00
2.9681e+00
3.1196e+00
3.1250e+00
2.9534e+00
2.9763e+00
2.9622e+00
2.9171e+00
3.0133e+00
2.8989e+00
3.0016e+00
2.9395e+00
2.9942e+00
3.0534e+00
3.0583e+00
2.9655e+00
2.9937e+00
3.0196e+00
2.9215e+00
2.9716e+00
2.9852e+00
2.9213e+00
2.9014e+00
2.8956e+00
2.8783e+00
2.8723e+00
2.8697e+00
2.9421e+00
2.9709e+00
2.8218e+00
2.8398e+00
2.9547e+00
2.9500e+00
2.8746e+00
2.9084e+00
2.8946e+00
2.8642e+00
2.8591e+00
2.8560e+00
2.8683e+00
2.8809e+00
2.8104e+00
2.7413e+00
2.8482e+00
2.9906e+00
2.9328e+00
2.8913e+00
2.8135e+00
2.8103e+00
2.9161e+00
2.8827e+00
2.9105e+00
2.8286e+00
2.8507e+00
2.8957e+00
2.8945e+00
2.8473e+00
2.7664e+00
2.7338e+00
2.9056e+00
2.6839e+00
2.8203e+00
2.8017e+00
2.7125e+00
2.7855e+00
2.6946e+00
2.7078e+00
2.7822e+00
2.7886e+00
2.7217e+00
2.7819e+00
2.6612e+00
2.7842e+00
2.7231e+00
2.6268e+00
2.8420e+00
2.7053e+00
2.6085e+00
2.7304e+00
2.7595e+00
2.7453e+00
2.7590e+00
2.6492e+00
2.6255e+00
2.8199e+00
2.7320e+00
2.7080e+00
2.8653e+00
2.7255e+00
2.6838e+00
2.7351e+00
2.6748e+00
2.8727e+00
2.7191e+00
2.6221e+00
2.7503e+00
2.6992e+00
2.6171e+00
2.6556e+00
2.6697e+00
2.6714e+00
2.6558e+00
2.7578e+00
2.7937e+00
2.6892e+00
2.6875e+00
2.6376e+00
2.6474e+00
2.5946e+00
2.7050e+00
2.6852e+00
2.6541e+00
2.6183e+00
2.6768e+00
2.6469e+00
2.6802e+00
2.5953e+00
2.7163e+00
2.6703e+00
2.5865e+00
2.5857e+00
2.6303e+00
2.6440e+00
2.5856e+00
2.6312e+00
2.6347e+00
2.5352e+00
2.7094e+00
2.4864e+00
2.5791e+00
2.6091e+00
2.7030e+00
2.5111e+00
