
0
0
4.158579
0
0
4.15863
4.1586933
4.1587486
4.1587577
4.1587524
4.158755
4.158746
4.15873
4.158737
0
0
0
0
4.1587405
4.158773
4.1587887
4.1587963
4.1588078
4.158808
4.1588154
4.158816
4.158823
4.1588206
4.158827
4.1588297
4.1588287
4.158828
4.1588354
0
0
4.158846
4.158849
4.1588507
4.1588554
4.1588583
4.15886
4.1588626
4.158862
4.158861
4.1588593
4.1588573
4.1588497
4.158848
4.158846
4.158846
4.158846
4.1588497
4.1588483
4.158847
4.158849
4.1588516
4.158849
4.158846
4.158845
4.158849
4.158855
4.15885
4.158846
4.158849
4.158846
4.1588516
4.1588473
0
0
4.1588607
4.1588626
4.1588593
4.158855
4.1588535
4.1588373
4.1588273
4.158818
4.158824
4.1588216
4.1588216
4.1588216
4.158828
4.158833
4.158826
4.158825
4.1588287
4.1588306
4.158833
4.1588383
4.1588435
4.158843
4.1588373
4.1588316
4.158821
4.158811
4.1587896
4.1587763
4.1587625
4.1587377
4.1586647
4.1586084
4.1585426
4.158498
4.158372
4.1584044
4.158345
4.158446
4.1585293
4.158515
4.1585255
4.158409
4.1583853
4.158407
4.1584134
4.1585326
4.158609
4.158663
4.158686
4.158642
4.158638
4.1586976
4.158718
4.1586933
4.158695
4.1586328
4.158639
4.15868
4.1587048
4.158736
4.158725
4.158741
4.15872
4.158759
4.1587667
4.15876
4.1587496
4.158658
4.158644
4.1586537
4.158699
4.158691
4.158644
4.1586194
4.158609
4.158613
4.158593
4.158614
4.1585917
4.158648
4.158617
4.1586466
4.158716
4.158742
4.158766
4.1588173
4.1588287
4.1588306
4.1588326
4.158839
4.15884
4.158839
4.15884
4.158838
4.158823
4.1588163
4.15882
4.1588235
4.1588335
4.1588287
4.1588345
4.158835
4.158827
4.158834
4.1588335
4.158834
4.158819
4.158823
4.1588326
4.1588316
4.1588283
4.15882
4.158816
4.158806
4.158781
4.1587205
4.158726
4.1587067
4.158719
4.1586986
4.1586733
4.1586285
4.158625
4.158618
4.158639
4.1586585
4.1586385
4.158675
4.158678
4.1586914
4.158689
4.158724
4.1587405
4.158768
4.158794
4.158804
4.158816
4.1588135
4.1588044
4.15878
4.158769
4.15874
4.1587205
4.158737
4.158729
4.1587124
4.1587143
4.158704
4.1587143
4.1587005
4.1586404
4.1586547
4.1586523
4.158608
4.158612
4.15862
4.158635
4.1586685
4.158682
4.158681
4.1587048
4.1587043
4.1586685
4.1586657
4.158677
4.15865
4.1586366
4.1586285
4.158657
4.158554
4.158439
4.1582665
4.1582594
4.1580915
4.15827
4.1583185
4.1583505
4.1584654
4.158516
4.1585016
4.1584415
4.158452
4.1584883
4.1585536
4.1585894
4.158599
4.1585813
4.1586623
4.158716
4.1587114
4.1587152
4.1585913
4.1585765
4.158697
4.158719
4.158684
4.158675
4.1586185
4.1585855
4.158469
4.1585703
4.158532
4.1584935
4.1583643
4.1581473
4.1583023
4.158368
4.158328
4.1582932
4.1579895
4.158146
