
0
0
4.158579
0
0
4.15863
4.1586933
4.1587486
4.1587577
4.1587524
4.158755
4.158746
4.15873
4.158737
0
0
0
0
4.1587405
4.158773
4.1587887
4.1587963
4.1588078
4.158808
4.1588154
4.158816
4.158823
4.1588206
4.158827
4.1588297
4.1588287
4.158828
4.1588354
0
0
4.158846
4.158849
4.1588507
4.1588554
4.1588583
4.15886
4.1588626
4.158862
4.158861
4.1588593
4.1588573
4.1588497
4.158848
4.158846
4.158846
4.158846
4.1588497
4.1588483
4.158847
4.158849
4.1588516
4.158849
4.158846
4.158845
4.158849
4.158855
4.15885
4.158846
4.158849
4.158846
4.1588516
4.1588473
0
0
4.1588607
4.1588626
4.1588593
4.158855
4.1588535
4.1588373
4.1588273
4.158818
4.158824
4.1588216
4.1588216
4.1588216
4.158828
4.158833
4.158826
4.158825
4.1588287
4.1588306
4.158833
4.1588383
4.1588435
4.158843
4.1588373
4.1588316
4.158821
4.158811
4.1587896
4.1587763
4.1587625
4.1587377
4.1586647
4.1586084
4.1585426
4.158498
4.158372
4.1584044
4.158345
4.158446
4.1585293
4.158515
4.1585255
4.158409
4.1583853
4.158407
4.1584134
4.1585326
4.158609
4.158663
4.158686
4.158642
4.158638
4.1586976
4.158718
4.1586933
4.158695
4.1586328
4.158639
4.15868
4.1587048
4.158736
4.158725
4.158741
4.15872
4.158759
4.1587667
4.15876
4.1587496
4.158658
4.158644
4.1586537
4.158699
4.158691
4.158644
4.1586194
4.158609
4.158613
4.158593
4.158614
4.1585917
4.158648
4.158617
4.1586466
4.158716
4.158742
4.158766
4.1588173
4.1588287
4.1588306
4.1588326
4.158839
4.15884
4.158839
4.15884
4.158838
4.158823
4.1588163
4.15882
4.1588235
4.1588335
4.1588287
4.1588345
4.158835
4.158827
4.158834
4.1588335
4.158834
4.158819
4.158823
4.1588326
4.1588316
4.1588283
4.15882
4.158816
4.158806
4.158781
4.1587205
4.158726
4.1587067
4.158719
4.1586986
4.1586733
4.1586285
4.158625
4.158618
4.158639
4.1586585
4.1586385
4.158675
4.158678
4.1586914
4.158689
4.158724
4.1587405
4.158768
4.158794
4.158804
4.158816
4.1588135
4.1588044
4.15878
4.158769
4.15874
4.1587205
4.158737
4.158729
4.1587124
4.1587143
4.158704
4.1587143
4.1587005
4.1586404
4.1586547
4.1586523
4.158608
4.158612
4.15862
4.158635
4.1586685
4.158682
4.158681
4.1587048
4.1587043
4.1586685
4.1586657
4.158677
4.15865
4.1586366
4.1586285
4.158657
4.158554
4.158439
4.1582665
4.1582594
4.1580915
4.15827
4.1583185
4.1583505
4.1584654
4.158516
4.1585016
4.1584415
4.158452
4.1584883
4.1585536
4.1585894
4.158599
4.1585813
4.1586623
4.158716
4.1587114
4.1587152
4.1585913
4.1585765
4.158697
4.158719
4.158684
4.158675
4.1586185
4.1585855
4.158469
4.1585703
4.158532
4.1584935
4.1583643
4.1581473
4.1583023
4.158368
4.158328
4.1582932
4.1579895
4.158146
0
0
4.1583834
4.158405
4.158358
4.158349
4.15838
4.1583467
4.1583652
4.1583934
4.158391
4.1583776
4.1583586
4.158328
4.1583905
4.1584783
4.158513
4.1585217
4.158586
4.158515
4.1585746
4.1585803
4.1586695
4.158718
4.1587667
4.1587853
4.1587963
4.158793
4.1587906
4.158804
4.1588054
4.158799
4.15879
4.158799
4.1588035
4.158803
4.1587996
4.1587996
4.1587934
4.1587653
4.15872
4.1586924
4.1587462
4.1587315
4.1587553
4.158767
4.1587605
4.1587505
4.1587467
4.1587524
4.1587358
4.1587334
4.1587286
4.158752
4.1587257
4.1586714
4.1586146
4.158678
4.158642
4.1585693
4.158471
4.1585507
4.158662
4.158618
4.158515
4.158622
4.1586146
4.15855
4.1585164
4.1584272
4.1584187
4.158519
4.1585817
4.158542
4.158491
4.15845
4.158388
4.158221
4.1582603
4.158358
4.1582804
4.1580706
4.1580553
4.1580133
4.1582217
4.158256
4.15837
4.1583204
4.1582727
4.1583805
4.158394
4.158356
4.1584177
4.15846
4.1584845
4.158498
4.15845
4.158364
4.1582355
4.157974
4.1579
4.158092
4.1580353
4.158208
4.158272
4.158274
4.1582623
4.158269
4.158334
4.158334
4.158362
4.158417
4.1583605
4.1583004
4.158273
4.1583595
4.158215
4.1581388
4.158201
4.158112
4.1578736
4.1577625
4.157794
4.1578135
4.1574173
4.1577845
4.1580844
4.1580625
4.158224
4.158021
4.1580553
4.1578274
4.1577597
4.1577525
4.1575403
4.1578217
4.158035
4.158017
4.1581
4.158018
4.1578712
4.157926
4.158066
4.1582603
4.158314
4.158317
4.1582656
4.1582007
4.1581087
4.158046
4.158085
4.158119
4.158122
4.15816
4.158153
4.158187
4.1582437
4.1583214
4.1583595
4.1583996
4.1584167
4.1583366
4.158376
4.1582384
4.1583185
4.158251
4.158264
4.158443
4.158469
4.158486
4.1584024
4.15827
4.158233
4.158294
4.1582823
4.158186
4.1580033
4.1581087
4.1580896
4.1578617
4.1578765
4.157959
4.1581593
4.1580353
4.1579204
4.157981
4.1580434
4.1581273
4.1581163
4.158124
4.158133
4.157979
4.1577673
4.1576567
4.1576233
4.157548
4.157545
4.1574965
4.1569743
4.156782
4.1572485
4.1574345
4.1573973
