
0
0
4.5630445
0
0
4.5638456
4.5633698
4.563947
4.563055
4.56342
4.563513
4.5625486
4.5630517
4.562887
0
0
0
0
4.5617504
4.5611706
4.559828
4.557977
4.5566816
4.554592
4.557221
4.5546303
4.554772
4.5522037
4.5519834
4.5526953
4.5543756
4.5535154
4.5570326
0
0
4.560716
4.554864
4.5621514
4.565223
4.5644016
4.5658455
4.5643253
4.561187
4.5628715
4.56405
4.5646195
4.561643
4.5608883
4.558352
4.5598664
4.5592365
4.5622845
4.561434
4.5633135
4.5659046
4.565871
4.5636225
4.56206
4.5596957
4.560913
4.560562
4.5607104
4.559656
4.561125
4.5628376
4.559933
4.5582814
0
0
4.5677233
4.5639386
4.5659986
4.5623355
4.564782
4.562728
4.5616145
4.559783
4.5598407
4.5586386
4.556604
4.558297
4.5565658
4.55567
4.5589085
4.5544434
4.550121
4.5483937
4.548801
4.5468326
4.545741
4.5430117
4.5454965
4.542559
4.543194
4.542071
4.536784
4.54726
4.536395
4.535537
4.532969
4.531113
4.5353785
4.535535
4.5551133
4.5573325
4.5614133
4.5537214
4.553332
4.5599566
4.568285
4.5713987
4.582022
4.5784917
4.576911
4.5732265
4.5718822
4.5643253
4.5640774
4.5605435
4.5567217
4.560827
4.558773
4.5640917
4.56627
4.5653553
4.5667925
4.563971
4.5575795
4.5527396
4.5487666
4.5496664
4.544396
4.544944
4.546534
4.5414257
4.544089
4.5452294
4.541456
4.551448
4.548784
4.554008
4.554795
4.562039
4.5628066
4.5612936
4.5627184
4.5672603
4.566125
4.5633316
4.56946
4.565945
4.566852
4.566567
4.5674653
4.5653386
4.566181
4.5633106
4.561859
4.5597386
4.560606
4.555823
4.556036
4.551087
4.5572796
4.5574512
4.5551553
4.555979
4.5534277
4.5533705
4.5517573
4.5543327
4.5501556
4.557828
4.5597944
4.557298
4.5636754
4.5607195
4.5576735
4.5540843
4.554967
4.548888
4.5494056
4.553437
4.5617213
4.56439
4.5597806
4.5606155
4.563155
4.5602193
4.5575047
4.553439
4.552787
4.552895
4.5541625
4.5533786
4.5537314
4.5559177
4.550783
4.558586
4.563032
4.5674214
4.5637836
4.5639277
4.55971
4.561096
4.5603886
4.5573196
4.5549
4.550533
4.544529
4.5367923
4.5355325
4.5339317
4.5296297
4.533847
4.5300145
4.536737
4.541746
4.5535574
4.5579658
4.5534596
4.560151
4.5611744
4.5674133
4.560826
4.561386
4.560986
4.56581
4.5672045
4.56047
4.5578604
4.5612283
4.5596986
4.5549235
4.553295
4.5498343
4.548913
4.5483313
4.5488677
4.563093
4.557549
4.5549307
4.559139
4.557453
4.5529275
4.555093
4.5553913
4.5598965
4.5594697
4.560989
4.564615
4.560525
4.562309
4.5615015
4.5622883
4.5606103
4.563219
4.559995
4.5597725
4.556573
4.551201
4.5549617
4.555815
4.5404124
4.540715
4.549183
4.5506115
4.5535526
4.550789
4.552346
4.5533276
4.550332
4.5536017
4.550599
4.550698
4.5537963
4.554778
4.552756
4.555074
4.5611577
0
0
4.515026
4.5096526
4.505619
4.503072
4.5274653
4.526091
4.5388126
4.550326
4.5453596
4.5426145
4.5368433
4.537369
4.5307584
4.542326
4.531952
4.534767
4.536103
4.5510716
4.549664
4.559684
4.565868
4.5593247
4.560836
4.5612974
4.5588884
4.5664716
4.5608373
4.564629
4.5613146
4.560286
4.5606394
4.5583334
4.5531025
4.5522637
4.5599566
4.5637937
4.5650682
4.5652895
4.5610957
4.559518
4.5625043
4.5630846
4.5618505
4.561074
4.5604258
4.5589576
4.5604553
4.561755
4.5591273
4.5567923
4.55369
4.5512285
4.5532284
4.5592303
4.558538
4.555907
4.5570226
4.556688
4.5575027
4.5580573
4.5602913
4.560049
4.557105
4.5580096
4.555613
4.5494595
4.5566373
4.562766
4.5622234
4.5626664
4.5623245
4.561966
4.560169
4.562205
4.55905
4.5575137
4.5622053
4.559036
4.562453
4.560981
4.5599318
4.5582843
4.5601835
4.5575037
4.5560784
4.5514755
4.5451417
4.5444107
4.5469503
4.553421
4.5574007
4.563242
4.5651503
4.5629454
4.5578146
4.5536094
4.553014
4.5415955
4.5430546
4.5397825
4.555498
4.5517178
4.5470085
4.5467844
4.550654
4.542869
4.531315
4.5361867
4.544483
4.5422683
4.548417
4.544518
4.550947
4.5524116
4.552841
4.5467696
4.547055
4.551938
4.545823
4.553721
4.559377
4.5559
4.5524826
4.554655
4.5548
4.556958
4.55142
4.5546703
4.5556397
4.5606227
4.5663877
4.5608435
4.5593934
4.5588098
4.554272
4.5593843
4.5615625
4.5588017
4.558746
4.557479
4.556109
4.5498567
4.557028
4.5504985
4.541744
4.5313582
4.529665
4.5135775
4.522341
4.5190616
4.551775
4.5466805
4.5420117
4.5365973
4.5315976
4.5388727
4.538035
4.538481
4.541073
4.5387363
4.5503607
4.541751
4.5380588
4.5420556
4.5272593
4.542806
4.5327554
4.539509
4.5375524
4.538906
4.537408
4.5381393
4.539537
4.544406
4.5409303
4.5338573
4.538645
4.5358977
4.5314546
4.5296345
4.5273056
4.5295987
4.5387416
4.5474324
4.5385685
4.5436134
4.5342774
4.5475593
4.5422373
4.5334787
4.5176077
4.5249043
4.528652
4.5221553
4.531356
4.521661
4.5371637
4.5416074
4.547386
4.532202
4.5327673
