
4.5573e+00
4.4287e+00
4.3046e+00
4.3112e+00
4.5048e+00
4.3555e+00
4.3277e+00
4.3798e+00
4.2372e+00
4.3164e+00
4.2561e+00
4.2205e+00
4.3493e+00
4.2535e+00
4.2543e+00
4.2867e+00
4.2268e+00
4.2280e+00
4.2675e+00
4.2472e+00
4.1903e+00
4.2589e+00
4.2775e+00
4.2169e+00
4.2527e+00
4.2438e+00
4.2641e+00
4.2164e+00
4.2342e+00
4.2538e+00
4.2461e+00
4.2187e+00
4.2481e+00
4.2484e+00
4.2387e+00
4.2131e+00
4.2100e+00
4.2147e+00
4.1828e+00
4.2044e+00
4.1624e+00
4.1753e+00
4.1473e+00
4.1940e+00
4.1823e+00
4.1840e+00
4.1583e+00
4.1476e+00
4.1488e+00
4.1331e+00
4.1586e+00
4.0613e+00
4.0255e+00
4.0820e+00
4.0862e+00
4.0811e+00
4.0962e+00
4.0965e+00
4.1017e+00
4.0847e+00
4.0833e+00
4.1092e+00
4.0840e+00
4.0807e+00
4.1275e+00
4.0627e+00
4.0800e+00
4.0894e+00
4.1005e+00
4.0862e+00
4.0916e+00
4.0783e+00
4.1166e+00
4.1152e+00
4.1335e+00
4.0934e+00
4.1111e+00
4.1130e+00
4.0799e+00
4.1085e+00
4.1233e+00
4.0844e+00
4.0845e+00
4.0900e+00
4.0630e+00
4.1226e+00
4.0847e+00
4.0757e+00
4.0796e+00
4.0649e+00
4.0721e+00
4.0824e+00
4.0603e+00
4.0925e+00
4.0914e+00
4.0940e+00
4.0624e+00
4.0590e+00
4.0447e+00
4.0719e+00
4.0760e+00
3.9858e+00
3.9904e+00
4.1906e+00
4.2813e+00
4.1313e+00
4.1878e+00
4.1964e+00
4.1559e+00
4.1361e+00
4.1324e+00
4.1273e+00
4.1200e+00
4.0683e+00
4.1071e+00
4.0635e+00
4.1108e+00
4.0764e+00
4.0800e+00
4.0338e+00
4.0948e+00
4.0873e+00
4.0686e+00
4.0514e+00
4.0798e+00
4.0770e+00
4.0596e+00
4.0863e+00
4.0750e+00
4.0448e+00
4.0439e+00
4.0396e+00
4.0474e+00
4.0381e+00
4.0373e+00
4.0529e+00
4.0225e+00
3.9996e+00
4.0166e+00
4.0233e+00
4.0334e+00
4.0338e+00
4.0038e+00
3.9956e+00
4.0154e+00
4.0025e+00
4.0206e+00
3.9893e+00
4.0028e+00
3.9917e+00
3.9738e+00
3.9727e+00
3.9691e+00
3.9581e+00
3.9721e+00
3.9667e+00
3.9547e+00
3.9694e+00
3.9503e+00
3.9284e+00
3.9386e+00
3.9499e+00
3.9124e+00
3.9374e+00
3.9381e+00
3.9350e+00
3.9391e+00
3.9597e+00
3.9301e+00
3.9218e+00
3.9081e+00
3.9081e+00
3.9417e+00
3.9516e+00
3.9303e+00
3.9731e+00
3.9499e+00
3.9307e+00
3.9140e+00
3.9371e+00
3.8950e+00
3.9486e+00
3.9104e+00
3.9029e+00
3.8669e+00
3.9279e+00
3.9177e+00
3.9174e+00
3.8965e+00
3.9177e+00
3.9274e+00
3.9131e+00
3.9076e+00
3.8846e+00
3.9395e+00
3.8968e+00
3.9134e+00
3.9118e+00
3.9127e+00
3.8908e+00
3.9023e+00
3.8779e+00
3.9085e+00
3.8805e+00
3.8758e+00
3.8953e+00
3.8825e+00
3.8877e+00
3.8747e+00
3.8662e+00
3.8784e+00
3.8814e+00
3.8635e+00
3.8588e+00
3.8617e+00
3.8392e+00
3.8429e+00
3.8751e+00
3.8306e+00
3.8273e+00
3.8435e+00
3.8181e+00
3.8070e+00
3.8244e+00
3.7984e+00
3.8332e+00
3.7884e+00
3.8260e+00
3.7823e+00
3.8192e+00
3.8216e+00
3.8162e+00
3.8174e+00
3.8104e+00
3.7778e+00
3.8260e+00
3.8030e+00
3.8208e+00
3.8000e+00
3.7902e+00
3.8164e+00
3.7839e+00
3.7768e+00
3.7804e+00
3.8052e+00
3.7704e+00
3.7939e+00
3.8060e+00
3.7849e+00
3.7795e+00
3.6645e+00
3.5260e+00
3.8061e+00
3.8818e+00
4.0029e+00
3.8804e+00
3.9357e+00
3.9845e+00
3.9352e+00
3.8825e+00
3.9154e+00
3.8970e+00
3.9144e+00
3.8983e+00
3.8487e+00
3.8645e+00
3.8843e+00
3.8719e+00
3.8563e+00
3.8421e+00
3.8631e+00
3.8318e+00
3.8707e+00
3.8755e+00
3.8487e+00
3.8376e+00
3.8608e+00
3.8446e+00
3.8544e+00
3.8430e+00
3.8792e+00
3.8640e+00
3.8507e+00
3.8701e+00
3.8247e+00
3.8840e+00
3.8356e+00
3.8712e+00
3.8703e+00
3.8272e+00
3.8372e+00
3.8322e+00
3.8138e+00
3.8236e+00
3.8255e+00
3.8107e+00
3.8183e+00
3.7895e+00
3.8075e+00
3.8186e+00
3.8267e+00
3.7870e+00
3.8257e+00
3.7877e+00
3.8082e+00
3.7862e+00
3.8020e+00
3.7999e+00
3.7946e+00
3.7825e+00
3.7916e+00
3.7860e+00
3.7760e+00
3.7658e+00
3.7776e+00
3.7444e+00
3.7604e+00
3.7671e+00
3.7658e+00
3.7360e+00
3.7407e+00
3.7623e+00
3.7604e+00
3.7510e+00
3.7325e+00
3.7162e+00
3.7416e+00
3.6927e+00
3.7070e+00
3.7049e+00
3.7410e+00
3.6741e+00
3.7077e+00
3.7285e+00
3.6785e+00
3.7121e+00
3.6809e+00
3.7149e+00
3.7176e+00
3.7174e+00
3.6944e+00
3.6835e+00
3.7132e+00
3.6969e+00
3.7212e+00
3.6838e+00
3.6975e+00
3.7041e+00
3.6903e+00
3.7106e+00
3.6592e+00
3.7082e+00
3.6738e+00
3.7051e+00
3.6691e+00
3.6858e+00
3.7154e+00
3.6983e+00
3.7054e+00
3.6594e+00
3.7085e+00
3.6584e+00
3.6652e+00
3.6840e+00
3.6793e+00
3.7005e+00
3.6682e+00
3.6679e+00
3.6657e+00
3.6673e+00
3.6603e+00
3.6397e+00
3.6646e+00
3.6774e+00
3.6135e+00
3.6353e+00
3.6259e+00
3.6500e+00
3.6261e+00
3.6232e+00
3.6292e+00
3.5951e+00
3.6468e+00
3.6142e+00
3.5949e+00
3.6327e+00
3.6120e+00
3.6373e+00
3.6087e+00
3.6188e+00
3.6289e+00
3.6616e+00
3.6332e+00
3.6463e+00
3.6295e+00
3.6477e+00
3.6340e+00
3.6086e+00
3.6062e+00
3.6246e+00
3.6266e+00
3.6205e+00
3.6292e+00
3.6501e+00
3.6063e+00
3.6412e+00
3.6338e+00
3.6392e+00
3.6301e+00
3.6081e+00
3.6484e+00
3.6631e+00
3.6277e+00
3.6457e+00
3.6418e+00
3.6082e+00
3.6462e+00
3.6542e+00
3.6198e+00
3.6561e+00
3.6101e+00
3.6277e+00
3.6091e+00
3.6337e+00
3.6358e+00
3.6097e+00
3.6313e+00
3.6045e+00
3.5956e+00
3.6111e+00
3.5799e+00
3.6153e+00
3.6143e+00
3.5940e+00
3.6225e+00
3.6453e+00
3.6091e+00
3.6091e+00
3.6227e+00
3.6061e+00
3.6218e+00
3.6123e+00
3.5967e+00
3.6178e+00
3.6093e+00
3.5550e+00
3.5824e+00
3.6172e+00
3.6162e+00
3.5982e+00
3.5925e+00
3.5978e+00
3.5750e+00
3.6127e+00
3.5759e+00
3.5811e+00
3.5890e+00
3.5873e+00
3.6104e+00
3.5802e+00
3.5664e+00
3.6206e+00
3.5866e+00
3.5991e+00
3.5674e+00
3.5611e+00
3.5627e+00
3.5824e+00
3.5710e+00
3.6004e+00
3.6029e+00
3.5608e+00
3.5903e+00
3.6112e+00
3.5719e+00
3.5967e+00
3.5498e+00
3.5569e+00
3.5912e+00
3.5968e+00
3.5586e+00
3.5421e+00
3.5673e+00
3.5908e+00
3.5666e+00
3.6021e+00
3.5663e+00
3.5879e+00
3.5985e+00
3.6033e+00
3.5872e+00
3.5748e+00
3.5986e+00
3.5528e+00
3.5771e+00
3.5246e+00
3.5475e+00
3.5486e+00
3.5824e+00
3.5849e+00
3.5348e+00
3.5857e+00
3.5581e+00
3.5466e+00
3.5690e+00
3.5458e+00
3.5378e+00
3.5583e+00
3.5481e+00
3.5879e+00
3.5328e+00
3.5730e+00
3.5272e+00
3.5487e+00
3.5264e+00
3.5632e+00
3.5336e+00
3.5446e+00
3.5061e+00
3.5077e+00
3.5719e+00
3.5117e+00
3.5246e+00
3.5483e+00
3.5357e+00
3.5424e+00
3.5298e+00
3.5250e+00
3.5079e+00
3.5466e+00
3.5483e+00
3.5707e+00
3.5398e+00
3.5217e+00
3.5127e+00
3.5165e+00
3.5339e+00
3.5523e+00
3.5453e+00
3.5402e+00
3.5213e+00
3.5784e+00
3.5489e+00
3.5205e+00
3.5303e+00
3.5227e+00
3.5373e+00
3.5286e+00
3.4912e+00
3.5310e+00
3.5025e+00
3.5487e+00
3.5128e+00
3.5092e+00
3.5360e+00
3.4866e+00
3.4711e+00
3.4712e+00
3.5207e+00
3.4931e+00
3.5276e+00
3.4984e+00
3.5109e+00
3.4947e+00
3.5095e+00
3.5039e+00
3.5090e+00
3.4997e+00
3.5157e+00
3.4939e+00
3.5043e+00
3.5360e+00
3.5052e+00
3.5124e+00
3.5184e+00
3.4653e+00
3.4787e+00
3.5193e+00
3.4932e+00
3.5080e+00
3.5001e+00
3.4861e+00
3.4898e+00
3.5056e+00
3.4782e+00
3.4988e+00
3.5085e+00
3.5058e+00
3.5190e+00
3.4652e+00
3.4696e+00
3.4634e+00
3.4534e+00
3.4736e+00
3.4299e+00
3.4450e+00
3.4228e+00
3.4363e+00
3.5108e+00
3.4654e+00
3.4691e+00
3.4463e+00
3.4402e+00
3.4401e+00
3.4711e+00
3.4977e+00
3.4410e+00
3.4811e+00
3.5007e+00
3.4492e+00
3.4442e+00
3.4640e+00
3.4729e+00
3.4110e+00
3.4634e+00
3.4634e+00
3.4633e+00
3.4544e+00
3.4509e+00
3.4865e+00
3.4755e+00
3.4402e+00
3.4965e+00
3.4644e+00
3.4516e+00
3.4274e+00
3.4463e+00
3.4276e+00
3.4707e+00
3.4615e+00
3.4306e+00
3.4211e+00
3.4630e+00
3.5038e+00
3.4372e+00
3.4289e+00
3.4694e+00
3.4666e+00
3.4666e+00
3.4535e+00
3.4443e+00
3.4488e+00
3.4443e+00
3.4373e+00
3.5231e+00
3.5112e+00
3.4695e+00
3.4814e+00
3.4761e+00
3.4808e+00
3.4742e+00
3.4456e+00
3.4355e+00
3.4365e+00
3.4436e+00
3.4474e+00
3.4524e+00
3.4500e+00
3.4989e+00
3.4925e+00
3.4918e+00
3.4354e+00
3.4630e+00
3.4955e+00
3.4671e+00
3.4632e+00
3.4653e+00
3.4678e+00
3.4671e+00
3.4795e+00
3.4445e+00
3.5021e+00
3.4838e+00
3.5272e+00
3.4550e+00
3.4881e+00
3.4635e+00
3.4654e+00
3.4580e+00
3.5004e+00
3.4112e+00
3.4629e+00
3.4364e+00
3.4605e+00
3.4948e+00
3.4546e+00
3.4827e+00
3.4342e+00
3.4715e+00
3.4724e+00
3.4760e+00
3.4623e+00
3.4826e+00
3.4628e+00
3.4579e+00
3.4157e+00
3.4916e+00
3.4947e+00
3.4876e+00
3.4710e+00
3.4194e+00
3.4606e+00
3.4634e+00
3.4283e+00
3.4702e+00
3.4461e+00
3.4093e+00
3.4692e+00
3.4132e+00
3.4472e+00
3.4318e+00
3.4515e+00
3.4120e+00
3.3983e+00
3.3917e+00
3.3802e+00
3.4155e+00
3.3765e+00
3.3711e+00
3.4725e+00
3.4193e+00
3.4179e+00
3.4549e+00
3.3810e+00
3.4108e+00
3.4222e+00
3.4023e+00
3.4354e+00
3.4377e+00
3.4021e+00
3.4607e+00
3.4197e+00
3.4150e+00
3.4557e+00
3.4825e+00
3.4479e+00
3.4219e+00
3.4416e+00
3.4002e+00
3.4305e+00
3.4277e+00
3.4310e+00
3.4116e+00
3.4095e+00
3.4086e+00
3.3938e+00
3.4566e+00
3.4415e+00
3.4060e+00
3.4191e+00
3.4358e+00
3.4530e+00
3.4185e+00
3.4210e+00
3.4817e+00
3.3945e+00
3.4663e+00
3.4290e+00
3.4360e+00
3.4123e+00
3.4442e+00
3.4130e+00
3.4301e+00
3.4492e+00
3.4033e+00
3.3815e+00
3.4075e+00
3.3723e+00
3.4172e+00
3.4036e+00
3.4009e+00
3.3922e+00
3.3689e+00
3.3883e+00
3.4037e+00
3.4047e+00
3.4136e+00
3.3272e+00
3.4498e+00
3.3744e+00
3.4180e+00
3.3892e+00
3.3975e+00
3.3906e+00
3.4466e+00
3.3777e+00
3.3825e+00
3.4277e+00
3.3869e+00
3.3862e+00
3.3972e+00
3.3614e+00
3.3358e+00
3.3653e+00
3.3636e+00
3.3149e+00
3.3785e+00
3.3328e+00
3.3950e+00
3.3430e+00
3.3755e+00
3.3600e+00
3.3278e+00
3.4187e+00
