
8.5758e+00
8.3920e+00
7.1113e+00
6.6341e+00
6.8129e+00
7.1191e+00
6.6377e+00
6.8805e+00
7.0668e+00
7.1057e+00
6.9386e+00
6.3140e+00
6.1351e+00
6.2083e+00
6.2634e+00
6.3382e+00
6.4022e+00
6.0935e+00
6.2458e+00
6.2854e+00
6.1447e+00
6.1585e+00
6.3879e+00
6.2604e+00
6.4032e+00
6.2053e+00
6.4241e+00
6.2801e+00
6.4184e+00
6.4657e+00
6.2807e+00
6.3671e+00
6.3445e+00
6.4256e+00
6.4722e+00
6.2908e+00
6.3610e+00
6.2676e+00
6.2662e+00
6.2066e+00
6.2421e+00
6.2183e+00
6.1627e+00
6.3895e+00
6.3020e+00
6.2531e+00
6.2409e+00
6.2379e+00
6.3065e+00
6.2393e+00
6.2181e+00
6.1047e+00
6.0541e+00
6.0864e+00
6.0734e+00
6.1350e+00
6.1833e+00
6.1746e+00
6.1156e+00
6.3010e+00
6.0662e+00
6.1793e+00
6.1987e+00
6.0499e+00
6.1815e+00
6.0677e+00
6.2473e+00
5.9673e+00
6.0498e+00
6.1786e+00
6.2117e+00
6.1546e+00
6.0971e+00
6.1917e+00
6.2006e+00
6.0455e+00
6.2727e+00
6.1206e+00
6.0656e+00
6.0235e+00
6.3207e+00
6.1852e+00
6.1476e+00
6.3101e+00
5.9496e+00
6.1877e+00
6.2682e+00
6.1072e+00
6.1707e+00
6.1165e+00
6.2195e+00
6.1880e+00
6.1735e+00
6.1890e+00
6.1904e+00
6.2824e+00
6.0526e+00
6.0749e+00
6.0239e+00
6.0982e+00
6.1215e+00
6.2128e+00
6.2664e+00
6.3720e+00
6.3769e+00
6.1694e+00
6.2330e+00
6.1100e+00
6.1769e+00
6.1919e+00
6.2126e+00
6.2101e+00
6.1847e+00
6.1334e+00
6.0739e+00
6.0951e+00
6.1930e+00
6.0178e+00
6.1884e+00
6.1502e+00
6.1267e+00
6.0956e+00
6.0502e+00
6.4008e+00
6.2549e+00
6.0753e+00
6.1104e+00
6.2648e+00
6.0434e+00
6.3272e+00
6.1437e+00
6.1257e+00
6.0449e+00
6.1116e+00
6.0021e+00
6.0431e+00
6.2316e+00
5.9712e+00
6.0603e+00
6.1969e+00
6.2309e+00
6.0610e+00
6.0404e+00
6.1278e+00
6.0285e+00
6.1325e+00
6.1964e+00
6.0712e+00
6.1157e+00
6.0119e+00
6.0453e+00
5.9293e+00
6.1627e+00
5.9061e+00
6.1906e+00
6.1221e+00
5.9629e+00
5.8229e+00
6.0540e+00
5.8520e+00
6.0582e+00
6.0666e+00
6.0964e+00
5.8757e+00
5.9908e+00
6.0079e+00
5.9068e+00
5.9851e+00
5.9433e+00
6.0720e+00
5.9439e+00
5.9056e+00
5.7703e+00
5.9217e+00
6.0135e+00
5.9649e+00
6.1139e+00
5.9591e+00
5.9064e+00
6.0096e+00
5.9456e+00
5.9503e+00
5.8573e+00
5.8736e+00
6.0368e+00
5.8443e+00
5.7830e+00
5.8389e+00
5.8696e+00
5.9256e+00
5.8328e+00
6.0874e+00
5.8421e+00
5.9568e+00
6.0448e+00
5.9164e+00
6.0611e+00
5.8598e+00
5.8486e+00
6.0246e+00
6.0930e+00
5.9903e+00
5.8246e+00
5.9834e+00
5.9198e+00
6.0762e+00
5.9892e+00
5.7937e+00
6.0209e+00
5.9749e+00
6.0324e+00
5.9328e+00
5.9940e+00
5.9125e+00
6.0450e+00
6.0089e+00
5.8252e+00
6.0448e+00
5.9790e+00
5.8324e+00
5.8525e+00
5.9028e+00
5.8879e+00
6.0513e+00
5.8710e+00
5.9550e+00
5.9676e+00
5.8131e+00
5.7177e+00
5.8124e+00
5.8471e+00
5.8097e+00
5.9291e+00
5.9704e+00
5.9163e+00
5.8571e+00
5.9668e+00
5.9639e+00
5.8309e+00
5.8357e+00
5.8700e+00
5.8801e+00
5.9245e+00
5.8963e+00
5.8670e+00
5.9251e+00
5.9883e+00
5.8797e+00
5.9827e+00
5.8612e+00
5.8799e+00
6.4860e+00
5.9312e+00
6.1029e+00
6.0469e+00
5.8587e+00
6.1711e+00
6.0235e+00
5.9861e+00
5.9431e+00
5.9760e+00
6.0701e+00
5.8188e+00
5.8513e+00
5.9969e+00
5.8029e+00
5.8508e+00
5.9849e+00
5.8490e+00
5.8083e+00
5.9460e+00
6.0511e+00
5.9534e+00
5.9605e+00
5.8797e+00
5.7434e+00
6.0221e+00
5.8899e+00
5.9639e+00
5.7355e+00
5.9138e+00
5.8158e+00
5.9794e+00
5.8771e+00
5.9358e+00
5.8597e+00
5.9315e+00
6.0342e+00
5.9252e+00
5.9253e+00
5.8253e+00
5.6804e+00
6.0161e+00
5.9063e+00
5.9296e+00
6.0513e+00
6.0154e+00
5.8083e+00
5.8690e+00
5.9269e+00
5.8038e+00
5.8010e+00
5.9127e+00
5.5879e+00
5.8450e+00
5.7195e+00
5.8014e+00
5.8250e+00
5.9131e+00
5.8019e+00
5.8667e+00
5.6990e+00
5.9010e+00
5.8425e+00
5.8445e+00
5.7254e+00
6.0195e+00
5.6069e+00
5.8466e+00
5.7591e+00
5.6785e+00
5.9873e+00
5.7685e+00
5.9046e+00
5.8374e+00
5.7472e+00
5.7076e+00
5.6951e+00
5.8385e+00
5.7556e+00
5.8472e+00
5.7182e+00
5.7443e+00
5.7220e+00
5.6491e+00
5.8340e+00
5.6138e+00
5.7567e+00
5.7871e+00
5.7965e+00
5.7365e+00
5.8364e+00
5.8140e+00
5.6799e+00
5.7678e+00
5.8020e+00
5.8977e+00
5.7527e+00
5.8427e+00
5.6716e+00
5.8613e+00
5.8264e+00
5.8053e+00
5.7744e+00
5.6913e+00
5.7938e+00
5.9138e+00
5.7677e+00
5.7657e+00
5.6481e+00
5.6277e+00
5.7982e+00
5.7219e+00
5.8110e+00
5.7326e+00
5.6919e+00
5.7340e+00
5.8342e+00
5.6746e+00
5.7862e+00
5.7714e+00
5.8910e+00
5.6231e+00
5.6220e+00
5.6378e+00
5.6968e+00
5.6329e+00
5.8648e+00
5.8658e+00
5.7112e+00
5.7275e+00
5.6428e+00
5.6725e+00
5.9148e+00
5.6215e+00
5.6939e+00
5.7042e+00
5.6314e+00
5.6752e+00
5.7106e+00
5.7909e+00
5.6468e+00
5.7166e+00
5.7784e+00
5.8685e+00
5.6968e+00
5.6609e+00
5.7340e+00
5.7336e+00
5.6289e+00
5.5812e+00
5.6409e+00
5.6521e+00
5.7535e+00
5.7600e+00
5.6103e+00
5.8399e+00
5.8000e+00
5.7458e+00
5.7512e+00
5.7507e+00
5.7369e+00
5.7637e+00
5.7054e+00
5.5964e+00
5.7084e+00
5.6658e+00
5.6514e+00
5.6528e+00
5.7337e+00
5.7596e+00
5.6067e+00
5.6681e+00
5.6620e+00
5.7361e+00
5.6505e+00
5.6343e+00
5.7610e+00
5.5931e+00
5.8020e+00
5.7618e+00
5.6025e+00
5.6561e+00
5.5461e+00
5.6906e+00
5.6365e+00
5.6366e+00
5.7226e+00
5.6286e+00
5.6570e+00
5.6813e+00
5.6387e+00
5.5457e+00
5.7151e+00
5.6771e+00
5.6414e+00
5.7252e+00
5.7134e+00
5.7017e+00
5.5397e+00
5.7671e+00
5.5537e+00
5.6124e+00
5.7293e+00
5.6750e+00
5.7183e+00
5.7443e+00
5.7060e+00
5.6856e+00
5.6185e+00
5.7956e+00
5.6769e+00
5.5481e+00
5.7410e+00
5.5859e+00
5.6714e+00
5.6549e+00
5.8563e+00
5.7858e+00
5.6854e+00
5.6342e+00
5.5902e+00
5.5867e+00
5.7105e+00
5.6822e+00
5.5409e+00
5.7837e+00
5.6213e+00
5.6027e+00
5.6287e+00
5.3783e+00
5.7010e+00
5.5071e+00
5.6014e+00
5.6752e+00
5.6098e+00
5.6693e+00
5.5600e+00
5.7920e+00
5.7926e+00
5.7172e+00
5.7315e+00
5.6433e+00
5.7349e+00
5.8651e+00
5.6923e+00
5.5950e+00
5.5376e+00
5.5587e+00
5.6591e+00
5.6663e+00
5.6313e+00
5.5641e+00
5.6364e+00
5.7112e+00
5.4899e+00
5.6553e+00
5.5262e+00
5.6409e+00
5.6302e+00
5.5621e+00
5.8126e+00
5.4957e+00
5.6707e+00
5.7797e+00
5.7157e+00
5.5412e+00
5.5496e+00
5.4275e+00
5.6624e+00
5.7843e+00
5.6285e+00
5.4690e+00
5.6135e+00
5.5825e+00
5.6846e+00
5.5475e+00
5.5262e+00
5.4703e+00
5.5652e+00
5.5178e+00
5.6883e+00
5.6225e+00
5.5171e+00
5.4943e+00
5.5364e+00
5.6638e+00
5.6167e+00
5.5447e+00
5.6212e+00
5.6784e+00
5.3757e+00
5.7110e+00
5.5039e+00
5.6749e+00
5.6008e+00
5.6144e+00
5.6843e+00
5.5288e+00
5.6649e+00
5.7804e+00
5.4710e+00
5.5258e+00
5.5323e+00
5.5527e+00
5.5764e+00
5.4902e+00
5.5368e+00
5.5737e+00
5.6270e+00
5.5776e+00
5.5987e+00
5.5093e+00
5.5619e+00
5.5575e+00
5.5227e+00
5.6109e+00
5.4691e+00
5.4685e+00
5.6252e+00
5.6994e+00
5.5833e+00
5.6234e+00
5.4438e+00
5.6348e+00
5.5036e+00
5.4741e+00
5.5106e+00
5.5646e+00
5.4785e+00
5.5265e+00
5.5666e+00
5.3794e+00
5.5355e+00
5.5038e+00
5.5968e+00
5.6933e+00
5.5862e+00
5.6320e+00
5.5699e+00
5.4511e+00
5.5507e+00
5.5535e+00
5.4432e+00
5.6112e+00
5.6157e+00
5.5675e+00
5.6298e+00
5.5561e+00
5.6454e+00
5.4214e+00
5.4880e+00
5.5839e+00
5.5387e+00
5.5329e+00
5.4292e+00
5.5450e+00
5.5414e+00
5.4626e+00
5.5892e+00
5.3921e+00
5.4698e+00
5.5179e+00
5.5215e+00
5.4854e+00
5.5053e+00
5.4724e+00
5.5336e+00
5.4010e+00
5.5629e+00
5.4451e+00
5.5848e+00
5.4866e+00
5.5414e+00
5.5860e+00
5.6426e+00
5.6816e+00
5.4777e+00
5.6153e+00
5.4051e+00
5.4630e+00
5.4499e+00
5.5465e+00
5.5629e+00
5.4747e+00
5.5571e+00
5.5251e+00
5.4482e+00
5.4297e+00
5.4809e+00
5.4856e+00
5.5386e+00
5.5070e+00
5.5090e+00
5.6551e+00
5.6338e+00
5.7266e+00
5.5832e+00
5.5083e+00
5.6219e+00
5.4366e+00
5.5279e+00
5.6142e+00
5.5434e+00
5.4156e+00
5.5137e+00
5.6109e+00
5.4863e+00
5.4165e+00
5.6271e+00
5.5143e+00
5.4501e+00
5.5644e+00
5.5560e+00
5.5300e+00
5.5849e+00
5.6283e+00
5.5089e+00
5.5941e+00
5.5549e+00
5.4270e+00
5.4625e+00
5.5247e+00
5.6271e+00
5.6898e+00
5.5515e+00
5.4677e+00
5.6389e+00
5.4870e+00
5.4844e+00
5.5228e+00
5.4639e+00
5.5861e+00
5.5784e+00
5.5011e+00
5.5213e+00
5.3962e+00
5.5828e+00
5.4141e+00
5.4838e+00
5.6574e+00
5.5207e+00
5.4444e+00
5.4250e+00
5.5145e+00
5.3298e+00
5.5602e+00
5.4626e+00
5.5582e+00
5.5214e+00
5.3976e+00
5.4222e+00
5.3350e+00
5.4106e+00
5.5658e+00
5.5198e+00
5.5422e+00
5.5181e+00
5.5410e+00
5.5844e+00
5.4618e+00
5.4834e+00
5.4446e+00
5.4115e+00
5.3646e+00
5.5570e+00
5.4576e+00
5.3959e+00
5.4752e+00
5.4308e+00
5.6274e+00
5.5745e+00
5.4790e+00
5.4095e+00
5.5845e+00
5.4668e+00
5.4779e+00
5.4501e+00
5.4601e+00
5.4433e+00
5.6165e+00
5.3821e+00
5.5539e+00
5.5402e+00
5.4159e+00
5.4550e+00
5.4288e+00
5.4737e+00
5.4479e+00
5.5501e+00
5.4754e+00
5.6411e+00
5.5177e+00
5.3834e+00
5.5246e+00
5.4099e+00
5.5255e+00
5.5719e+00
5.5073e+00
5.4540e+00
5.4486e+00
5.4732e+00
5.4243e+00
5.5402e+00
5.5528e+00
5.5670e+00
5.3890e+00
5.5899e+00
5.5245e+00
5.4680e+00
5.6098e+00
5.4107e+00
5.6719e+00
5.4372e+00
5.4772e+00
5.3803e+00
5.5318e+00
5.3831e+00
5.4016e+00
5.4595e+00
5.3659e+00
5.4289e+00
5.5623e+00
5.4700e+00
5.5186e+00
5.5441e+00
5.4898e+00
5.4925e+00
5.5829e+00
5.3909e+00
5.3809e+00
5.3949e+00
5.4739e+00
5.3384e+00
5.3350e+00
5.5272e+00
5.4109e+00
5.6561e+00
5.4175e+00
5.4255e+00
5.5817e+00
5.2976e+00
5.5755e+00
5.4531e+00
5.6221e+00
5.4489e+00
5.4372e+00
5.4038e+00
5.4399e+00
5.4336e+00
5.5833e+00
5.4760e+00
5.3180e+00
5.3992e+00
