4.6048e+00
4.5987e+00
4.5904e+00
4.5760e+00
4.5492e+00
4.5196e+00
4.4933e+00
4.4682e+00
4.4564e+00
4.4144e+00
4.4023e+00
4.4616e+00
4.4325e+00
4.4379e+00
4.4373e+00
4.3714e+00
4.3739e+00
4.2711e+00
4.2884e+00
4.2753e+00
4.2800e+00
4.2745e+00
4.2795e+00
4.2998e+00
4.2932e+00
4.2829e+00
4.2896e+00
4.2183e+00
4.2122e+00
4.1889e+00
4.1239e+00
4.1467e+00
4.2495e+00
4.1640e+00
4.2383e+00
4.1641e+00
4.2067e+00
4.2076e+00
4.2257e+00
4.1913e+00
4.1831e+00
4.1772e+00
4.1634e+00
4.1881e+00
4.1289e+00
4.1721e+00
4.1294e+00
4.1972e+00
4.1021e+00
4.2268e+00
4.0585e+00
4.1099e+00
4.1469e+00
4.1982e+00
4.1368e+00
4.0978e+00
4.1942e+00
4.1006e+00
4.1327e+00
4.1360e+00
4.1097e+00
4.1102e+00
4.0605e+00
4.1209e+00
4.1024e+00
4.0153e+00
4.1484e+00
4.0757e+00
4.1150e+00
4.0829e+00
4.0682e+00
4.1473e+00
4.1262e+00
4.0920e+00
4.0319e+00
4.1520e+00
4.0431e+00
4.0830e+00
4.0924e+00
4.0100e+00
4.1154e+00
4.0583e+00
3.9730e+00
4.0598e+00
4.0954e+00
4.0499e+00
4.0295e+00
4.0518e+00
4.0844e+00
4.0214e+00
3.9989e+00
4.0436e+00
3.9766e+00
4.0127e+00
3.9850e+00
3.9885e+00
3.9692e+00
3.8770e+00
4.0479e+00
3.9532e+00
3.9929e+00
4.0002e+00
3.9974e+00
3.9744e+00
4.0195e+00
3.9575e+00
3.9375e+00
4.0190e+00
3.9766e+00
3.9085e+00
3.9740e+00
3.9682e+00
3.8527e+00
3.9604e+00
3.9011e+00
3.9209e+00
3.9367e+00
3.9040e+00
3.9515e+00
3.8847e+00
3.9244e+00
3.8414e+00
3.8081e+00
3.8599e+00
3.8260e+00
3.8110e+00
3.7853e+00
3.8001e+00
3.8897e+00
3.8464e+00
3.8424e+00
3.7820e+00
3.8285e+00
3.7793e+00
3.7797e+00
3.7048e+00
3.7673e+00
3.7308e+00
3.6816e+00
3.7932e+00
3.6670e+00
3.7455e+00
3.7095e+00
3.6624e+00
3.6828e+00
3.6429e+00
3.6935e+00
3.7245e+00
3.6457e+00
3.5708e+00
3.6184e+00
3.5922e+00
3.6653e+00
3.5758e+00
3.5600e+00
3.4998e+00
3.5489e+00
3.5381e+00
3.5482e+00
3.5546e+00
3.5194e+00
3.5785e+00
3.4297e+00
3.5282e+00
3.5973e+00
3.4402e+00
3.4617e+00
3.3885e+00
3.4911e+00
3.5921e+00
3.5058e+00
3.4556e+00
3.4617e+00
3.4232e+00
3.4736e+00
3.4247e+00
3.4278e+00
3.3641e+00
3.4156e+00
3.4309e+00
3.4171e+00
3.4007e+00
3.4205e+00
3.3724e+00
3.4144e+00
3.3396e+00
3.3127e+00
3.3436e+00
3.3397e+00
3.2447e+00
3.2998e+00
3.2927e+00
3.3296e+00
3.3703e+00
3.2779e+00
3.2525e+00
3.2593e+00
3.1846e+00
3.2818e+00
3.2185e+00
3.2080e+00
3.2235e+00
3.1892e+00
3.1657e+00
3.2274e+00
3.2442e+00
3.2275e+00
3.1787e+00
3.1886e+00
3.1794e+00
3.1707e+00
3.2309e+00
3.0921e+00
3.1551e+00
3.1493e+00
3.1826e+00
3.1012e+00
3.1479e+00
3.2224e+00
3.1053e+00
3.0846e+00
3.0401e+00
3.0799e+00
3.0042e+00
3.1243e+00
3.0781e+00
3.1306e+00
3.1160e+00
3.0227e+00
3.0447e+00
3.0292e+00
3.0132e+00
3.0567e+00
2.8872e+00
3.0225e+00
2.9347e+00
2.9558e+00
3.0097e+00
3.0254e+00
2.9832e+00
2.9424e+00
3.0502e+00
2.9964e+00
2.9254e+00
2.9322e+00
2.9174e+00
2.9333e+00
2.8656e+00
2.9005e+00
2.8266e+00
2.8640e+00
2.8961e+00
3.2313e+00
3.1674e+00
3.1326e+00
2.9849e+00
3.0742e+00
3.0546e+00
2.9834e+00
2.9744e+00
2.9892e+00
2.9834e+00
3.0058e+00
2.9507e+00
2.9597e+00
3.0099e+00
2.9866e+00
2.9320e+00
2.8536e+00
2.8971e+00
2.8906e+00
2.9162e+00
3.0108e+00
2.8098e+00
2.8790e+00
2.8889e+00
2.9308e+00
2.8277e+00
2.8676e+00
2.8692e+00
2.8402e+00
2.7998e+00
2.8621e+00
2.8174e+00
2.8023e+00
2.8325e+00
2.7724e+00
2.7452e+00
2.7050e+00
2.7649e+00
2.7555e+00
2.8088e+00
2.6928e+00
2.7068e+00
2.7555e+00
2.7480e+00
2.7981e+00
2.7851e+00
2.7476e+00
2.7863e+00
2.8229e+00
2.7990e+00
2.8267e+00
2.6907e+00
2.7246e+00
2.6972e+00
2.7015e+00
2.7240e+00
2.7183e+00
2.6650e+00
2.7059e+00
2.7374e+00
2.7125e+00
2.5855e+00
2.7097e+00
2.7208e+00
2.6428e+00
2.5852e+00
2.6074e+00
2.6422e+00
2.6100e+00
2.6430e+00
2.6731e+00
2.5551e+00
2.5649e+00
2.6403e+00
2.5526e+00
2.6616e+00
2.6736e+00
2.5943e+00
2.6310e+00
2.5831e+00
2.6740e+00
2.6792e+00
2.7280e+00
2.6754e+00
2.5315e+00
2.5241e+00
2.5804e+00
2.5946e+00
2.6199e+00
2.6273e+00
2.5684e+00
2.5709e+00
2.5270e+00
2.5695e+00
2.5903e+00
2.5647e+00
2.5228e+00
2.6048e+00
2.6288e+00
2.6571e+00
2.5503e+00
2.5102e+00
2.5386e+00
2.4890e+00
2.6007e+00
2.4678e+00
2.5103e+00
2.5711e+00
2.5356e+00
2.5392e+00
2.5772e+00
2.4579e+00
2.5173e+00
2.4608e+00
2.5761e+00
2.5422e+00
2.4555e+00
2.4347e+00
2.5062e+00
2.5291e+00
2.5087e+00
2.4535e+00
2.5012e+00
2.4289e+00
2.4726e+00
2.4815e+00
2.5493e+00
2.3932e+00
2.4580e+00
2.5197e+00
2.4880e+00
2.3859e+00
2.4837e+00
2.5335e+00
2.5119e+00
2.3464e+00
2.4211e+00
2.4714e+00
2.5658e+00
2.3883e+00
2.5836e+00
2.4415e+00
2.4066e+00
2.4887e+00
2.5307e+00
2.4475e+00
2.4354e+00
2.4991e+00
2.5323e+00
2.4327e+00
2.5466e+00
2.4840e+00
2.4382e+00
2.4269e+00
2.4143e+00
2.4250e+00
2.4936e+00
2.5323e+00
2.4562e+00
2.5020e+00
2.5848e+00
2.5147e+00
2.5067e+00
2.4833e+00
2.4731e+00
2.5264e+00
2.4666e+00
2.3526e+00
2.5498e+00
2.4392e+00
2.5593e+00
2.4737e+00
2.5599e+00
2.4536e+00
2.5580e+00
2.4983e+00
2.6532e+00
2.4970e+00
2.5334e+00
2.4214e+00
2.4612e+00
2.5160e+00
2.6007e+00
2.4732e+00
2.5432e+00
2.4726e+00
2.6050e+00
2.5713e+00
2.4624e+00
2.5227e+00
2.4783e+00
2.4595e+00
2.4505e+00
2.4127e+00
2.4565e+00
2.5681e+00
2.4872e+00
2.5591e+00
2.4784e+00
2.5135e+00
2.4453e+00
2.5605e+00
2.5117e+00
2.5526e+00
2.5179e+00
2.6190e+00
2.5340e+00
2.5207e+00
2.5146e+00
2.5115e+00
2.5975e+00
2.4164e+00
2.5141e+00
2.4685e+00
2.5826e+00
2.5991e+00
2.5291e+00
2.6027e+00
2.5375e+00
2.5942e+00
2.5727e+00
2.5588e+00
2.4614e+00
2.4705e+00
2.6951e+00
2.5129e+00
2.6240e+00
2.5982e+00
2.5878e+00
2.4311e+00
2.4849e+00
2.4463e+00
2.5133e+00
2.5116e+00
2.5947e+00
2.6722e+00
2.6732e+00
2.6463e+00
2.5837e+00
2.6502e+00
2.5131e+00
2.5182e+00
2.6065e+00
2.5321e+00
2.6163e+00
2.5702e+00
2.5404e+00
2.5544e+00
2.6389e+00
2.5335e+00
2.5707e+00
2.5111e+00
2.5727e+00
2.6003e+00
2.6515e+00
2.6630e+00
2.6500e+00
2.6146e+00
2.6014e+00
2.5906e+00
2.5381e+00
2.6488e+00
2.5762e+00
2.5443e+00
2.6012e+00
2.6686e+00
2.6428e+00
2.5759e+00
2.5936e+00
2.6713e+00
2.6681e+00
2.7406e+00
2.6233e+00
2.5898e+00
2.5290e+00
2.6336e+00
2.6723e+00
2.6435e+00
2.6754e+00
2.7433e+00
2.6033e+00
2.6066e+00
2.6585e+00
2.6711e+00
2.7613e+00
2.6898e+00
2.7175e+00
2.6460e+00
2.5878e+00
2.6436e+00
2.6911e+00
2.6995e+00
2.7394e+00
2.7141e+00
2.6375e+00
2.7715e+00
2.7963e+00
2.7547e+00
2.6339e+00
2.7350e+00
2.7489e+00
2.6924e+00
2.7276e+00
2.6862e+00
2.7465e+00
2.7282e+00
2.7330e+00
2.7533e+00
2.7826e+00
2.7724e+00
2.6884e+00
2.7380e+00
2.7526e+00
2.7570e+00
2.7490e+00
2.7417e+00
2.7900e+00
2.7573e+00
2.8168e+00
2.7276e+00
2.9183e+00
2.8254e+00
2.6849e+00
2.7736e+00
2.7860e+00
2.7702e+00
2.7330e+00
2.7157e+00
2.7655e+00
2.8371e+00
2.7815e+00
2.7645e+00
2.7386e+00
2.7393e+00
2.7601e+00
2.8332e+00
2.7111e+00
2.7248e+00
2.7644e+00
2.8213e+00
2.7640e+00
2.7710e+00
2.7759e+00
2.7794e+00
2.7902e+00
2.7500e+00
2.7704e+00
2.6903e+00
2.7738e+00
2.7390e+00
2.6776e+00
2.6478e+00
2.7307e+00
2.7967e+00
2.7209e+00
2.7846e+00
2.7220e+00
2.6822e+00
2.7139e+00
2.6996e+00
2.7983e+00
2.6753e+00
2.6727e+00
2.6389e+00
2.7760e+00
2.7572e+00
2.6795e+00
2.7493e+00
2.6728e+00
2.8112e+00
2.7317e+00
2.6771e+00
2.5557e+00
2.6283e+00
2.6707e+00
2.6449e+00
2.6575e+00
2.6667e+00
2.7535e+00
2.6486e+00
2.6608e+00
2.7106e+00
2.7166e+00
2.6531e+00
2.6076e+00
2.5745e+00
2.6005e+00
2.5759e+00
2.5546e+00
2.6207e+00
2.5454e+00
2.6419e+00
2.5744e+00
2.6080e+00
2.5587e+00
2.6040e+00
2.5927e+00
2.6296e+00
2.6453e+00
2.7044e+00
2.5861e+00
2.5968e+00
2.5411e+00
2.5600e+00
2.5613e+00
2.6341e+00
2.6235e+00
2.5656e+00
2.4661e+00
2.6363e+00
2.6395e+00
2.5456e+00
2.6034e+00
2.4870e+00
2.4808e+00
2.6378e+00
2.5465e+00
2.5685e+00
2.5270e+00
2.5202e+00
2.6265e+00
2.5339e+00
2.5880e+00
2.4359e+00
2.5739e+00
2.4312e+00
2.5203e+00
2.5080e+00
2.5168e+00
2.4908e+00
2.5365e+00
2.5136e+00
2.5881e+00
2.5469e+00
2.5386e+00
2.4351e+00
2.4494e+00
2.4385e+00
2.5216e+00
2.4993e+00
2.4723e+00
2.4961e+00
2.4974e+00
2.4550e+00
2.4072e+00
2.4958e+00
2.5196e+00
2.5430e+00
2.5282e+00
2.5225e+00
2.3901e+00
2.4572e+00
2.5552e+00
2.4422e+00
2.5275e+00
2.4222e+00
2.3427e+00
2.4807e+00
2.4578e+00
2.4746e+00
2.4544e+00
2.3646e+00
2.3938e+00
2.4177e+00
2.5043e+00
2.3757e+00
2.4120e+00
2.4321e+00
2.4270e+00
2.3892e+00
2.3772e+00
2.3479e+00
2.3810e+00
2.4086e+00
2.4023e+00
2.3423e+00
2.3809e+00
2.3677e+00
2.3972e+00
2.4301e+00
2.3469e+00
2.3857e+00
2.3761e+00
2.3639e+00
2.4484e+00
2.4384e+00
2.3819e+00
2.2690e+00
2.3592e+00
2.3780e+00
2.3021e+00
2.3847e+00
2.3044e+00
2.3882e+00
2.2752e+00
2.4002e+00
2.4701e+00
2.3272e+00
2.3498e+00
2.3044e+00
2.3723e+00
2.2733e+00
2.3635e+00
2.2940e+00
2.3680e+00
2.4405e+00
2.3171e+00
2.2875e+00
2.3219e+00
2.2748e+00
2.3548e+00
2.4032e+00
2.3776e+00
2.2613e+00
2.3145e+00
2.3499e+00
2.3896e+00
2.2714e+00
2.2614e+00
2.3122e+00
2.3535e+00
2.3394e+00
2.2424e+00
2.2750e+00
2.2734e+00
2.2446e+00
2.3589e+00
2.3443e+00
2.2329e+00
2.1811e+00
2.2420e+00
2.2105e+00
2.3127e+00
2.2545e+00
2.2712e+00
2.3328e+00
2.2662e+00
2.2803e+00
2.2470e+00
2.1657e+00
2.2814e+00
2.2562e+00
2.2450e+00
2.2446e+00
2.2025e+00
2.3164e+00
2.2968e+00
2.2224e+00
2.1666e+00
2.2119e+00
2.2015e+00
2.2575e+00
2.3625e+00
2.2012e+00
2.2501e+00
2.2561e+00
2.1251e+00
2.3538e+00
2.2233e+00
2.1797e+00
2.2914e+00
2.1705e+00
2.1665e+00
2.1807e+00
2.2428e+00
2.2320e+00
2.1759e+00
2.0967e+00
2.2236e+00
2.2667e+00
2.2631e+00
2.1724e+00
2.1964e+00
2.1694e+00
2.1627e+00
2.2414e+00
2.0670e+00
2.1543e+00
2.1656e+00
2.1979e+00
2.1325e+00
2.1598e+00
2.1537e+00
2.1771e+00
2.1263e+00
2.1749e+00
2.1087e+00
2.1142e+00
2.1263e+00
2.1993e+00
2.1045e+00
2.0723e+00
2.1253e+00
2.0878e+00
2.0929e+00
2.1429e+00
2.1585e+00
2.1321e+00
